Determining if the pthread_create exist failed with the following output:
Change Dir: /home/hxhx/darknet-rosbuild/build/CMakeFiles/CMakeTmp

Run Build Command:/usr/bin/make "cmTryCompileExec3647342621/fast"
make[1]: Entering directory `/home/hxhx/darknet-rosbuild/build/CMakeFiles/CMakeTmp'
/usr/bin/make -f CMakeFiles/cmTryCompileExec3647342621.dir/build.make CMakeFiles/cmTryCompileExec3647342621.dir/build
make[2]: Entering directory `/home/hxhx/darknet-rosbuild/build/CMakeFiles/CMakeTmp'
/usr/bin/cmake -E cmake_progress_report /home/hxhx/darknet-rosbuild/build/CMakeFiles/CMakeTmp/CMakeFiles 1
Building C object CMakeFiles/cmTryCompileExec3647342621.dir/CheckSymbolExists.c.o
/usr/bin/cc    -o CMakeFiles/cmTryCompileExec3647342621.dir/CheckSymbolExists.c.o   -c /home/hxhx/darknet-rosbuild/build/CMakeFiles/CMakeTmp/CheckSymbolExists.c
Linking C executable cmTryCompileExec3647342621
/usr/bin/cmake -E cmake_link_script CMakeFiles/cmTryCompileExec3647342621.dir/link.txt --verbose=1
/usr/bin/cc       CMakeFiles/cmTryCompileExec3647342621.dir/CheckSymbolExists.c.o  -o cmTryCompileExec3647342621 -rdynamic 
CMakeFiles/cmTryCompileExec3647342621.dir/CheckSymbolExists.c.o: In function `main':
CheckSymbolExists.c:(.text+0x16): undefined reference to `pthread_create'
collect2: error: ld returned 1 exit status
make[2]: *** [cmTryCompileExec3647342621] Error 1
make[2]: Leaving directory `/home/hxhx/darknet-rosbuild/build/CMakeFiles/CMakeTmp'
make[1]: Leaving directory `/home/hxhx/darknet-rosbuild/build/CMakeFiles/CMakeTmp'
make[1]: *** [cmTryCompileExec3647342621/fast] Error 2

File /home/hxhx/darknet-rosbuild/build/CMakeFiles/CMakeTmp/CheckSymbolExists.c:
/* */
#include <pthread.h>

int main(int argc, char** argv)
{
  (void)argv;
#ifndef pthread_create
  return ((int*)(&pthread_create))[argc];
#else
  (void)argc;
  return 0;
#endif
}

Determining if the function pthread_create exists in the pthreads failed with the following output:
Change Dir: /home/hxhx/darknet-rosbuild/build/CMakeFiles/CMakeTmp

Run Build Command:/usr/bin/make "cmTryCompileExec865187164/fast"
make[1]: Entering directory `/home/hxhx/darknet-rosbuild/build/CMakeFiles/CMakeTmp'
/usr/bin/make -f CMakeFiles/cmTryCompileExec865187164.dir/build.make CMakeFiles/cmTryCompileExec865187164.dir/build
make[2]: Entering directory `/home/hxhx/darknet-rosbuild/build/CMakeFiles/CMakeTmp'
/usr/bin/cmake -E cmake_progress_report /home/hxhx/darknet-rosbuild/build/CMakeFiles/CMakeTmp/CMakeFiles 1
Building C object CMakeFiles/cmTryCompileExec865187164.dir/CheckFunctionExists.c.o
/usr/bin/cc   -DCHECK_FUNCTION_EXISTS=pthread_create   -o CMakeFiles/cmTryCompileExec865187164.dir/CheckFunctionExists.c.o   -c /usr/share/cmake-2.8/Modules/CheckFunctionExists.c
Linking C executable cmTryCompileExec865187164
/usr/bin/cmake -E cmake_link_script CMakeFiles/cmTryCompileExec865187164.dir/link.txt --verbose=1
/usr/bin/cc   -DCHECK_FUNCTION_EXISTS=pthread_create    CMakeFiles/cmTryCompileExec865187164.dir/CheckFunctionExists.c.o  -o cmTryCompileExec865187164 -rdynamic -lpthreads 
/usr/bin/ld: cannot find -lpthreads
collect2: error: ld returned 1 exit status
make[2]: *** [cmTryCompileExec865187164] Error 1
make[2]: Leaving directory `/home/hxhx/darknet-rosbuild/build/CMakeFiles/CMakeTmp'
make[1]: *** [cmTryCompileExec865187164/fast] Error 2
make[1]: Leaving directory `/home/hxhx/darknet-rosbuild/build/CMakeFiles/CMakeTmp'


